C:\USERS\JOHAN\DROPBOX\JOHAN\FORSKNING\GENERATORCUTS\SUBMODULAR\SUBMODULAR\PROJECT\THIRDPARTYLIB\X64\RELEASE\QPBO_POSTPROCESSING.OBJ
C:\USERS\JOHAN\DROPBOX\JOHAN\FORSKNING\GENERATORCUTS\SUBMODULAR\SUBMODULAR\PROJECT\THIRDPARTYLIB\X64\RELEASE\QPBO_MAXFLOW.OBJ
C:\USERS\JOHAN\DROPBOX\JOHAN\FORSKNING\GENERATORCUTS\SUBMODULAR\SUBMODULAR\PROJECT\THIRDPARTYLIB\X64\RELEASE\QPBO_EXTRA.OBJ
C:\USERS\JOHAN\DROPBOX\JOHAN\FORSKNING\GENERATORCUTS\SUBMODULAR\SUBMODULAR\PROJECT\THIRDPARTYLIB\X64\RELEASE\QPBO.OBJ
C:\USERS\JOHAN\DROPBOX\JOHAN\FORSKNING\GENERATORCUTS\SUBMODULAR\SUBMODULAR\PROJECT\THIRDPARTYLIB\X64\RELEASE\PETTER-COLOR.OBJ
C:\USERS\JOHAN\DROPBOX\JOHAN\FORSKNING\GENERATORCUTS\SUBMODULAR\SUBMODULAR\PROJECT\THIRDPARTYLIB\X64\RELEASE\MAXFLOW.OBJ
C:\USERS\JOHAN\DROPBOX\JOHAN\FORSKNING\GENERATORCUTS\SUBMODULAR\SUBMODULAR\PROJECT\THIRDPARTYLIB\X64\RELEASE\GRAPH.OBJ
C:\USERS\JOHAN\DROPBOX\JOHAN\FORSKNING\GENERATORCUTS\SUBMODULAR\SUBMODULAR\PROJECT\THIRDPARTYLIB\X64\RELEASE\APGC.OBJ
C:\USERS\JOHAN\DROPBOX\JOHAN\FORSKNING\GENERATORCUTS\SUBMODULAR\SUBMODULAR\PROJECT\THIRDPARTYLIB\X64\RELEASE\APGCCONFIG.OBJ
C:\USERS\JOHAN\DROPBOX\JOHAN\FORSKNING\GENERATORCUTS\SUBMODULAR\SUBMODULAR\PROJECT\THIRDPARTYLIB\X64\RELEASE\APGCDATASTRUCTURES.OBJ
C:\USERS\JOHAN\DROPBOX\JOHAN\FORSKNING\GENERATORCUTS\SUBMODULAR\SUBMODULAR\PROJECT\THIRDPARTYLIB\X64\RELEASE\APGCDEBUG.OBJ
C:\USERS\JOHAN\DROPBOX\JOHAN\FORSKNING\GENERATORCUTS\SUBMODULAR\SUBMODULAR\PROJECT\THIRDPARTYLIB\X64\RELEASE\APGCDUMP.OBJ
C:\USERS\JOHAN\DROPBOX\JOHAN\FORSKNING\GENERATORCUTS\SUBMODULAR\SUBMODULAR\PROJECT\THIRDPARTYLIB\X64\RELEASE\APGC_AUGMENTFLOW.OBJ
C:\USERS\JOHAN\DROPBOX\JOHAN\FORSKNING\GENERATORCUTS\SUBMODULAR\SUBMODULAR\PROJECT\THIRDPARTYLIB\X64\RELEASE\APGC_EXPAND.OBJ
C:\USERS\JOHAN\DROPBOX\JOHAN\FORSKNING\GENERATORCUTS\SUBMODULAR\SUBMODULAR\PROJECT\THIRDPARTYLIB\X64\RELEASE\APGC_PROCESSAUXORPHANS.OBJ
C:\USERS\JOHAN\DROPBOX\JOHAN\FORSKNING\GENERATORCUTS\SUBMODULAR\SUBMODULAR\PROJECT\THIRDPARTYLIB\X64\RELEASE\APGC_PROCESSORPHANS.OBJ
C:\USERS\JOHAN\DROPBOX\JOHAN\FORSKNING\GENERATORCUTS\SUBMODULAR\SUBMODULAR\PROJECT\THIRDPARTYLIB\X64\RELEASE\APGC_PROCESSPIXORPHANS.OBJ
C:\USERS\JOHAN\DROPBOX\JOHAN\FORSKNING\GENERATORCUTS\SUBMODULAR\SUBMODULAR\PROJECT\THIRDPARTYLIB\X64\RELEASE\PRGC.OBJ
C:\USERS\JOHAN\DROPBOX\JOHAN\FORSKNING\GENERATORCUTS\SUBMODULAR\SUBMODULAR\PROJECT\THIRDPARTYLIB\X64\RELEASE\PRGCCONFIG.OBJ
C:\USERS\JOHAN\DROPBOX\JOHAN\FORSKNING\GENERATORCUTS\SUBMODULAR\SUBMODULAR\PROJECT\THIRDPARTYLIB\X64\RELEASE\PRGCDATASTRUCTURES.OBJ
C:\USERS\JOHAN\DROPBOX\JOHAN\FORSKNING\GENERATORCUTS\SUBMODULAR\SUBMODULAR\PROJECT\THIRDPARTYLIB\X64\RELEASE\PRGCDEBUG.OBJ
C:\USERS\JOHAN\DROPBOX\JOHAN\FORSKNING\GENERATORCUTS\SUBMODULAR\SUBMODULAR\PROJECT\THIRDPARTYLIB\X64\RELEASE\PRGCDUMP.OBJ
C:\USERS\JOHAN\DROPBOX\JOHAN\FORSKNING\GENERATORCUTS\SUBMODULAR\SUBMODULAR\PROJECT\THIRDPARTYLIB\X64\RELEASE\PRGC_EXPAND.OBJ
C:\USERS\JOHAN\DROPBOX\JOHAN\FORSKNING\GENERATORCUTS\SUBMODULAR\SUBMODULAR\PROJECT\THIRDPARTYLIB\X64\RELEASE\STDAFX.OBJ
C:\USERS\JOHAN\DROPBOX\JOHAN\FORSKNING\GENERATORCUTS\SUBMODULAR\SUBMODULAR\PROJECT\THIRDPARTYLIB\X64\RELEASE\DEBUGUTILS.OBJ
C:\USERS\JOHAN\DROPBOX\JOHAN\FORSKNING\GENERATORCUTS\SUBMODULAR\SUBMODULAR\PROJECT\THIRDPARTYLIB\X64\RELEASE\GADGETGRAPH.OBJ
C:\USERS\JOHAN\DROPBOX\JOHAN\FORSKNING\GENERATORCUTS\SUBMODULAR\SUBMODULAR\PROJECT\THIRDPARTYLIB\X64\RELEASE\GADGETGRAPHCONFIG.OBJ
C:\USERS\JOHAN\DROPBOX\JOHAN\FORSKNING\GENERATORCUTS\SUBMODULAR\SUBMODULAR\LIB\X64\RELEASE\THIRDPARTYLIB.LIB
C:\Users\Johan\Dropbox\johan\forskning\generatorcuts\submodular\submodular\project\thirdpartylib\x64\Release\APGC.obj
C:\Users\Johan\Dropbox\johan\forskning\generatorcuts\submodular\submodular\project\thirdpartylib\x64\Release\APGCConfig.obj
C:\Users\Johan\Dropbox\johan\forskning\generatorcuts\submodular\submodular\project\thirdpartylib\x64\Release\APGCDataStructures.obj
C:\Users\Johan\Dropbox\johan\forskning\generatorcuts\submodular\submodular\project\thirdpartylib\x64\Release\APGCDebug.obj
C:\Users\Johan\Dropbox\johan\forskning\generatorcuts\submodular\submodular\project\thirdpartylib\x64\Release\APGCDump.obj
C:\Users\Johan\Dropbox\johan\forskning\generatorcuts\submodular\submodular\project\thirdpartylib\x64\Release\APGC_AugmentFlow.obj
C:\Users\Johan\Dropbox\johan\forskning\generatorcuts\submodular\submodular\project\thirdpartylib\x64\Release\APGC_Expand.obj
C:\Users\Johan\Dropbox\johan\forskning\generatorcuts\submodular\submodular\project\thirdpartylib\x64\Release\APGC_ProcessAuxOrphans.obj
C:\Users\Johan\Dropbox\johan\forskning\generatorcuts\submodular\submodular\project\thirdpartylib\x64\Release\APGC_ProcessOrphans.obj
C:\Users\Johan\Dropbox\johan\forskning\generatorcuts\submodular\submodular\project\thirdpartylib\x64\Release\APGC_ProcessPixOrphans.obj
C:\Users\Johan\Dropbox\johan\forskning\generatorcuts\submodular\submodular\project\thirdpartylib\x64\Release\DebugUtils.obj
C:\Users\Johan\Dropbox\johan\forskning\generatorcuts\submodular\submodular\project\thirdpartylib\x64\Release\GadgetGraph.obj
C:\Users\Johan\Dropbox\johan\forskning\generatorcuts\submodular\submodular\project\thirdpartylib\x64\Release\GadgetGraphConfig.obj
C:\Users\Johan\Dropbox\johan\forskning\generatorcuts\submodular\submodular\project\thirdpartylib\x64\Release\graph.obj
C:\Users\Johan\Dropbox\johan\forskning\generatorcuts\submodular\submodular\project\thirdpartylib\x64\Release\maxflow.obj
C:\Users\Johan\Dropbox\johan\forskning\generatorcuts\submodular\submodular\project\thirdpartylib\x64\Release\Petter-Color.obj
C:\Users\Johan\Dropbox\johan\forskning\generatorcuts\submodular\submodular\project\thirdpartylib\x64\Release\PRGC.obj
C:\Users\Johan\Dropbox\johan\forskning\generatorcuts\submodular\submodular\project\thirdpartylib\x64\Release\PRGCConfig.obj
C:\Users\Johan\Dropbox\johan\forskning\generatorcuts\submodular\submodular\project\thirdpartylib\x64\Release\PRGCDataStructures.obj
C:\Users\Johan\Dropbox\johan\forskning\generatorcuts\submodular\submodular\project\thirdpartylib\x64\Release\PRGCDebug.obj
C:\Users\Johan\Dropbox\johan\forskning\generatorcuts\submodular\submodular\project\thirdpartylib\x64\Release\PRGCDump.obj
C:\Users\Johan\Dropbox\johan\forskning\generatorcuts\submodular\submodular\project\thirdpartylib\x64\Release\PRGC_Expand.obj
C:\Users\Johan\Dropbox\johan\forskning\generatorcuts\submodular\submodular\project\thirdpartylib\x64\Release\QPBO.obj
C:\Users\Johan\Dropbox\johan\forskning\generatorcuts\submodular\submodular\project\thirdpartylib\x64\Release\QPBO_extra.obj
C:\Users\Johan\Dropbox\johan\forskning\generatorcuts\submodular\submodular\project\thirdpartylib\x64\Release\QPBO_maxflow.obj
C:\Users\Johan\Dropbox\johan\forskning\generatorcuts\submodular\submodular\project\thirdpartylib\x64\Release\QPBO_postprocessing.obj
C:\Users\Johan\Dropbox\johan\forskning\generatorcuts\submodular\submodular\project\thirdpartylib\x64\Release\stdafx.obj
C:\Users\Johan\Dropbox\johan\forskning\generatorcuts\submodular\submodular\project\thirdpartylib\x64\Release\cl.command.1.tlog
C:\Users\Johan\Dropbox\johan\forskning\generatorcuts\submodular\submodular\project\thirdpartylib\x64\Release\CL.read.1.tlog
C:\Users\Johan\Dropbox\johan\forskning\generatorcuts\submodular\submodular\project\thirdpartylib\x64\Release\CL.write.1.tlog
C:\Users\Johan\Dropbox\johan\forskning\generatorcuts\submodular\submodular\project\thirdpartylib\x64\Release\Lib-link.read.1.tlog
C:\Users\Johan\Dropbox\johan\forskning\generatorcuts\submodular\submodular\project\thirdpartylib\x64\Release\Lib-link.write.1.tlog
C:\Users\Johan\Dropbox\johan\forskning\generatorcuts\submodular\submodular\project\thirdpartylib\x64\Release\lib.command.1.tlog
C:\Users\Johan\Dropbox\johan\forskning\generatorcuts\submodular\submodular\project\thirdpartylib\x64\Release\vc110.pdb
C:\Users\Johan\Dropbox\johan\forskning\generatorcuts\submodular\submodular\project\submodularproject\..\..\lib\x64\Release\thirdpartylib.lib
