C:\USERS\JOHAN\DROPBOX\JOHAN\FORSKNING\GENERATORCUTS\SUBMODULAR\SUBMODULAR\PROJECT\GRDLIBRARY\X64\RELEASE\PSEUDOBOOLEAN_REDUCE.OBJ
C:\USERS\JOHAN\DROPBOX\JOHAN\FORSKNING\GENERATORCUTS\SUBMODULAR\SUBMODULAR\PROJECT\GRDLIBRARY\X64\RELEASE\PSEUDOBOOLEAN_MINIMIZE_REDUCTION.OBJ
C:\USERS\JOHAN\DROPBOX\JOHAN\FORSKNING\GENERATORCUTS\SUBMODULAR\SUBMODULAR\PROJECT\GRDLIBRARY\X64\RELEASE\PSEUDOBOOLEAN_MINIMIZE.OBJ
C:\USERS\JOHAN\DROPBOX\JOHAN\FORSKNING\GENERATORCUTS\SUBMODULAR\SUBMODULAR\PROJECT\GRDLIBRARY\X64\RELEASE\PSEUDOBOOLEAN_HEURISTIC.OBJ
C:\USERS\JOHAN\DROPBOX\JOHAN\FORSKNING\GENERATORCUTS\SUBMODULAR\SUBMODULAR\PROJECT\GRDLIBRARY\X64\RELEASE\PSEUDOBOOLEAN_COMPLETE.OBJ
C:\USERS\JOHAN\DROPBOX\JOHAN\FORSKNING\GENERATORCUTS\SUBMODULAR\SUBMODULAR\PROJECT\GRDLIBRARY\X64\RELEASE\PSEUDOBOOLEAN_BRANCHANDBOUND.OBJ
C:\USERS\JOHAN\DROPBOX\JOHAN\FORSKNING\GENERATORCUTS\SUBMODULAR\SUBMODULAR\PROJECT\GRDLIBRARY\X64\RELEASE\PSEUDOBOOLEAN.OBJ
C:\USERS\JOHAN\DROPBOX\JOHAN\FORSKNING\GENERATORCUTS\SUBMODULAR\SUBMODULAR\PROJECT\GRDLIBRARY\X64\RELEASE\PSEUDOBOOLEAN_CREATE_G.OBJ
C:\USERS\JOHAN\DROPBOX\JOHAN\FORSKNING\GENERATORCUTS\SUBMODULAR\SUBMODULAR\PROJECT\GRDLIBRARY\X64\RELEASE\PSEUDOBOOLEAN_MINIMIZE_LP.OBJ
C:\USERS\JOHAN\DROPBOX\JOHAN\FORSKNING\GENERATORCUTS\SUBMODULAR\SUBMODULAR\PROJECT\GRDLIBRARY\X64\RELEASE\VERTEXPACKING.OBJ
C:\USERS\JOHAN\DROPBOX\JOHAN\FORSKNING\GENERATORCUTS\SUBMODULAR\SUBMODULAR\LIB\X64\RELEASE\GRD.LIB
C:\Users\Johan\Dropbox\johan\forskning\generatorcuts\submodular\submodular\project\grdlibrary\x64\Release\GeneratorPseudoBoolean.obj
C:\Users\Johan\Dropbox\johan\forskning\generatorcuts\submodular\submodular\project\grdlibrary\x64\Release\insert_clique.obj
C:\Users\Johan\Dropbox\johan\forskning\generatorcuts\submodular\submodular\project\grdlibrary\x64\Release\PseudoBoolean.obj
C:\Users\Johan\Dropbox\johan\forskning\generatorcuts\submodular\submodular\project\grdlibrary\x64\Release\PseudoBoolean_branchandbound.obj
C:\Users\Johan\Dropbox\johan\forskning\generatorcuts\submodular\submodular\project\grdlibrary\x64\Release\PseudoBoolean_complete.obj
C:\Users\Johan\Dropbox\johan\forskning\generatorcuts\submodular\submodular\project\grdlibrary\x64\Release\PseudoBoolean_create_g.obj
C:\Users\Johan\Dropbox\johan\forskning\generatorcuts\submodular\submodular\project\grdlibrary\x64\Release\PseudoBoolean_heuristic.obj
C:\Users\Johan\Dropbox\johan\forskning\generatorcuts\submodular\submodular\project\grdlibrary\x64\Release\PseudoBoolean_minimize.obj
C:\Users\Johan\Dropbox\johan\forskning\generatorcuts\submodular\submodular\project\grdlibrary\x64\Release\PseudoBoolean_minimize_lp.obj
C:\Users\Johan\Dropbox\johan\forskning\generatorcuts\submodular\submodular\project\grdlibrary\x64\Release\PseudoBoolean_minimize_reduction.obj
C:\Users\Johan\Dropbox\johan\forskning\generatorcuts\submodular\submodular\project\grdlibrary\x64\Release\PseudoBoolean_reduce.obj
C:\Users\Johan\Dropbox\johan\forskning\generatorcuts\submodular\submodular\project\grdlibrary\x64\Release\VertexPacking.obj
C:\Users\Johan\Dropbox\johan\forskning\generatorcuts\submodular\submodular\project\grdlibrary\x64\Release\cl.command.1.tlog
C:\Users\Johan\Dropbox\johan\forskning\generatorcuts\submodular\submodular\project\grdlibrary\x64\Release\CL.read.1.tlog
C:\Users\Johan\Dropbox\johan\forskning\generatorcuts\submodular\submodular\project\grdlibrary\x64\Release\CL.write.1.tlog
C:\Users\Johan\Dropbox\johan\forskning\generatorcuts\submodular\submodular\project\grdlibrary\x64\Release\Lib-link.read.1.tlog
C:\Users\Johan\Dropbox\johan\forskning\generatorcuts\submodular\submodular\project\grdlibrary\x64\Release\Lib-link.write.1.tlog
C:\Users\Johan\Dropbox\johan\forskning\generatorcuts\submodular\submodular\project\grdlibrary\x64\Release\lib.command.1.tlog
C:\Users\Johan\Dropbox\johan\forskning\generatorcuts\submodular\submodular\project\grdlibrary\x64\Release\vc110.pdb
C:\Users\Johan\Dropbox\johan\forskning\generatorcuts\submodular\submodular\project\submodularproject\..\..\lib\x64\Release\grd.lib
