Build started 5/13/2013 3:36:30 PM.
     1>Project "C:\Users\johanf\Dropbox\johan\forskning\generatorcuts\submodular\submodular\project\submodularproject\submodularproject.vcxproj" on node 2 (Build target(s)).
     1>Link:
         C:\Program Files (x86)\Microsoft Visual Studio 11.0\VC\bin\x86_amd64\link.exe /ERRORREPORT:PROMPT /OUT:"..\..\bin\submodular.exe" /INCREMENTAL:NO /NOLOGO grd.lib thirdpartylib.lib libClp.lib libCoinUtils.lib kernel32.lib user32.lib gdi32.lib winspool.lib comdlg32.lib advapi32.lib shell32.lib ole32.lib oleaut32.lib uuid.lib odbc32.lib odbccp32.lib kernel32.lib user32.lib gdi32.lib winspool.lib comdlg32.lib advapi32.lib shell32.lib ole32.lib oleaut32.lib uuid.lib odbc32.lib odbccp32.lib /MANIFEST /MANIFESTUAC:"level='asInvoker' uiAccess='false'" /manifest:embed /DEBUG /PDB:"..\..\bin\submodular.pdb" /SUBSYSTEM:CONSOLE /OPT:REF /OPT:ICF /TLBID:1 /DYNAMICBASE /NXCOMPAT /IMPLIB:"..\..\bin\submodular.lib" /MACHINE:X64 x64\Release\get_polynomial.obj
         x64\Release\main_program.obj
         x64\Release\submodular_tests.obj
     1>libClp.lib(ClpCholeskyBase.obj) : warning LNK4099: PDB 'vc110.pdb' was not found with 'libClp.lib(ClpCholeskyBase.obj)' or at 'C:\Users\johanf\Dropbox\johan\forskning\generatorcuts\submodular\submodular\bin\vc110.pdb'; linking object as if no debug info
     1>libClp.lib(ClpCholeskyDense.obj) : warning LNK4099: PDB 'vc110.pdb' was not found with 'libClp.lib(ClpCholeskyDense.obj)' or at 'C:\Users\johanf\Dropbox\johan\forskning\generatorcuts\submodular\submodular\bin\vc110.pdb'; linking object as if no debug info
     1>libClp.lib(ClpDualRowDantzig.obj) : warning LNK4099: PDB 'vc110.pdb' was not found with 'libClp.lib(ClpDualRowDantzig.obj)' or at 'C:\Users\johanf\Dropbox\johan\forskning\generatorcuts\submodular\submodular\bin\vc110.pdb'; linking object as if no debug info
     1>libClp.lib(ClpDualRowPivot.obj) : warning LNK4099: PDB 'vc110.pdb' was not found with 'libClp.lib(ClpDualRowPivot.obj)' or at 'C:\Users\johanf\Dropbox\johan\forskning\generatorcuts\submodular\submodular\bin\vc110.pdb'; linking object as if no debug info
     1>libClp.lib(ClpDualRowSteepest.obj) : warning LNK4099: PDB 'vc110.pdb' was not found with 'libClp.lib(ClpDualRowSteepest.obj)' or at 'C:\Users\johanf\Dropbox\johan\forskning\generatorcuts\submodular\submodular\bin\vc110.pdb'; linking object as if no debug info
     1>libClp.lib(ClpDynamicMatrix.obj) : warning LNK4099: PDB 'vc110.pdb' was not found with 'libClp.lib(ClpDynamicMatrix.obj)' or at 'C:\Users\johanf\Dropbox\johan\forskning\generatorcuts\submodular\submodular\bin\vc110.pdb'; linking object as if no debug info
     1>libClp.lib(ClpEventHandler.obj) : warning LNK4099: PDB 'vc110.pdb' was not found with 'libClp.lib(ClpEventHandler.obj)' or at 'C:\Users\johanf\Dropbox\johan\forskning\generatorcuts\submodular\submodular\bin\vc110.pdb'; linking object as if no debug info
     1>libClp.lib(ClpFactorization.obj) : warning LNK4099: PDB 'vc110.pdb' was not found with 'libClp.lib(ClpFactorization.obj)' or at 'C:\Users\johanf\Dropbox\johan\forskning\generatorcuts\submodular\submodular\bin\vc110.pdb'; linking object as if no debug info
     1>libClp.lib(ClpHelperFunctions.obj) : warning LNK4099: PDB 'vc110.pdb' was not found with 'libClp.lib(ClpHelperFunctions.obj)' or at 'C:\Users\johanf\Dropbox\johan\forskning\generatorcuts\submodular\submodular\bin\vc110.pdb'; linking object as if no debug info
     1>libClp.lib(ClpInterior.obj) : warning LNK4099: PDB 'vc110.pdb' was not found with 'libClp.lib(ClpInterior.obj)' or at 'C:\Users\johanf\Dropbox\johan\forskning\generatorcuts\submodular\submodular\bin\vc110.pdb'; linking object as if no debug info
     1>libClp.lib(ClpLinearObjective.obj) : warning LNK4099: PDB 'vc110.pdb' was not found with 'libClp.lib(ClpLinearObjective.obj)' or at 'C:\Users\johanf\Dropbox\johan\forskning\generatorcuts\submodular\submodular\bin\vc110.pdb'; linking object as if no debug info
     1>libClp.lib(ClpLsqr.obj) : warning LNK4099: PDB 'vc110.pdb' was not found with 'libClp.lib(ClpLsqr.obj)' or at 'C:\Users\johanf\Dropbox\johan\forskning\generatorcuts\submodular\submodular\bin\vc110.pdb'; linking object as if no debug info
     1>libClp.lib(ClpMatrixBase.obj) : warning LNK4099: PDB 'vc110.pdb' was not found with 'libClp.lib(ClpMatrixBase.obj)' or at 'C:\Users\johanf\Dropbox\johan\forskning\generatorcuts\submodular\submodular\bin\vc110.pdb'; linking object as if no debug info
     1>libClp.lib(ClpMessage.obj) : warning LNK4099: PDB 'vc110.pdb' was not found with 'libClp.lib(ClpMessage.obj)' or at 'C:\Users\johanf\Dropbox\johan\forskning\generatorcuts\submodular\submodular\bin\vc110.pdb'; linking object as if no debug info
     1>libClp.lib(ClpModel.obj) : warning LNK4099: PDB 'vc110.pdb' was not found with 'libClp.lib(ClpModel.obj)' or at 'C:\Users\johanf\Dropbox\johan\forskning\generatorcuts\submodular\submodular\bin\vc110.pdb'; linking object as if no debug info
     1>libClp.lib(ClpNetworkBasis.obj) : warning LNK4099: PDB 'vc110.pdb' was not found with 'libClp.lib(ClpNetworkBasis.obj)' or at 'C:\Users\johanf\Dropbox\johan\forskning\generatorcuts\submodular\submodular\bin\vc110.pdb'; linking object as if no debug info
     1>libClp.lib(ClpNode.obj) : warning LNK4099: PDB 'vc110.pdb' was not found with 'libClp.lib(ClpNode.obj)' or at 'C:\Users\johanf\Dropbox\johan\forskning\generatorcuts\submodular\submodular\bin\vc110.pdb'; linking object as if no debug info
     1>libClp.lib(ClpNonLinearCost.obj) : warning LNK4099: PDB 'vc110.pdb' was not found with 'libClp.lib(ClpNonLinearCost.obj)' or at 'C:\Users\johanf\Dropbox\johan\forskning\generatorcuts\submodular\submodular\bin\vc110.pdb'; linking object as if no debug info
     1>libClp.lib(ClpObjective.obj) : warning LNK4099: PDB 'vc110.pdb' was not found with 'libClp.lib(ClpObjective.obj)' or at 'C:\Users\johanf\Dropbox\johan\forskning\generatorcuts\submodular\submodular\bin\vc110.pdb'; linking object as if no debug info
     1>libClp.lib(ClpPackedMatrix.obj) : warning LNK4099: PDB 'vc110.pdb' was not found with 'libClp.lib(ClpPackedMatrix.obj)' or at 'C:\Users\johanf\Dropbox\johan\forskning\generatorcuts\submodular\submodular\bin\vc110.pdb'; linking object as if no debug info
     1>libClp.lib(ClpPdco.obj) : warning LNK4099: PDB 'vc110.pdb' was not found with 'libClp.lib(ClpPdco.obj)' or at 'C:\Users\johanf\Dropbox\johan\forskning\generatorcuts\submodular\submodular\bin\vc110.pdb'; linking object as if no debug info
     1>libClp.lib(ClpPlusMinusOneMatrix.obj) : warning LNK4099: PDB 'vc110.pdb' was not found with 'libClp.lib(ClpPlusMinusOneMatrix.obj)' or at 'C:\Users\johanf\Dropbox\johan\forskning\generatorcuts\submodular\submodular\bin\vc110.pdb'; linking object as if no debug info
     1>libClp.lib(ClpPredictorCorrector.obj) : warning LNK4099: PDB 'vc110.pdb' was not found with 'libClp.lib(ClpPredictorCorrector.obj)' or at 'C:\Users\johanf\Dropbox\johan\forskning\generatorcuts\submodular\submodular\bin\vc110.pdb'; linking object as if no debug info
     1>libClp.lib(ClpPresolve.obj) : warning LNK4099: PDB 'vc110.pdb' was not found with 'libClp.lib(ClpPresolve.obj)' or at 'C:\Users\johanf\Dropbox\johan\forskning\generatorcuts\submodular\submodular\bin\vc110.pdb'; linking object as if no debug info
     1>libClp.lib(ClpPrimalColumnDantzig.obj) : warning LNK4099: PDB 'vc110.pdb' was not found with 'libClp.lib(ClpPrimalColumnDantzig.obj)' or at 'C:\Users\johanf\Dropbox\johan\forskning\generatorcuts\submodular\submodular\bin\vc110.pdb'; linking object as if no debug info
     1>libClp.lib(ClpPrimalColumnPivot.obj) : warning LNK4099: PDB 'vc110.pdb' was not found with 'libClp.lib(ClpPrimalColumnPivot.obj)' or at 'C:\Users\johanf\Dropbox\johan\forskning\generatorcuts\submodular\submodular\bin\vc110.pdb'; linking object as if no debug info
     1>libClp.lib(ClpPrimalColumnSteepest.obj) : warning LNK4099: PDB 'vc110.pdb' was not found with 'libClp.lib(ClpPrimalColumnSteepest.obj)' or at 'C:\Users\johanf\Dropbox\johan\forskning\generatorcuts\submodular\submodular\bin\vc110.pdb'; linking object as if no debug info
     1>libClp.lib(ClpQuadraticObjective.obj) : warning LNK4099: PDB 'vc110.pdb' was not found with 'libClp.lib(ClpQuadraticObjective.obj)' or at 'C:\Users\johanf\Dropbox\johan\forskning\generatorcuts\submodular\submodular\bin\vc110.pdb'; linking object as if no debug info
     1>libClp.lib(ClpSimplex.obj) : warning LNK4099: PDB 'vc110.pdb' was not found with 'libClp.lib(ClpSimplex.obj)' or at 'C:\Users\johanf\Dropbox\johan\forskning\generatorcuts\submodular\submodular\bin\vc110.pdb'; linking object as if no debug info
     1>libClp.lib(ClpSimplexDual.obj) : warning LNK4099: PDB 'vc110.pdb' was not found with 'libClp.lib(ClpSimplexDual.obj)' or at 'C:\Users\johanf\Dropbox\johan\forskning\generatorcuts\submodular\submodular\bin\vc110.pdb'; linking object as if no debug info
     1>libClp.lib(ClpSimplexNonlinear.obj) : warning LNK4099: PDB 'vc110.pdb' was not found with 'libClp.lib(ClpSimplexNonlinear.obj)' or at 'C:\Users\johanf\Dropbox\johan\forskning\generatorcuts\submodular\submodular\bin\vc110.pdb'; linking object as if no debug info
     1>libClp.lib(ClpSimplexOther.obj) : warning LNK4099: PDB 'vc110.pdb' was not found with 'libClp.lib(ClpSimplexOther.obj)' or at 'C:\Users\johanf\Dropbox\johan\forskning\generatorcuts\submodular\submodular\bin\vc110.pdb'; linking object as if no debug info
     1>libClp.lib(ClpSimplexPrimal.obj) : warning LNK4099: PDB 'vc110.pdb' was not found with 'libClp.lib(ClpSimplexPrimal.obj)' or at 'C:\Users\johanf\Dropbox\johan\forskning\generatorcuts\submodular\submodular\bin\vc110.pdb'; linking object as if no debug info
     1>libClp.lib(ClpSolve.obj) : warning LNK4099: PDB 'vc110.pdb' was not found with 'libClp.lib(ClpSolve.obj)' or at 'C:\Users\johanf\Dropbox\johan\forskning\generatorcuts\submodular\submodular\bin\vc110.pdb'; linking object as if no debug info
     1>libClp.lib(Idiot.obj) : warning LNK4099: PDB 'vc110.pdb' was not found with 'libClp.lib(Idiot.obj)' or at 'C:\Users\johanf\Dropbox\johan\forskning\generatorcuts\submodular\submodular\bin\vc110.pdb'; linking object as if no debug info
     1>libClp.lib(IdiSolve.obj) : warning LNK4099: PDB 'vc110.pdb' was not found with 'libClp.lib(IdiSolve.obj)' or at 'C:\Users\johanf\Dropbox\johan\forskning\generatorcuts\submodular\submodular\bin\vc110.pdb'; linking object as if no debug info
     1>libCoinUtils.lib(CoinBuild.obj) : warning LNK4099: PDB 'vc110.pdb' was not found with 'libCoinUtils.lib(CoinBuild.obj)' or at 'C:\Users\johanf\Dropbox\johan\forskning\generatorcuts\submodular\submodular\bin\vc110.pdb'; linking object as if no debug info
     1>libCoinUtils.lib(CoinDenseFactorization.obj) : warning LNK4099: PDB 'vc110.pdb' was not found with 'libCoinUtils.lib(CoinDenseFactorization.obj)' or at 'C:\Users\johanf\Dropbox\johan\forskning\generatorcuts\submodular\submodular\bin\vc110.pdb'; linking object as if no debug info
     1>libCoinUtils.lib(CoinDenseVector.obj) : warning LNK4099: PDB 'vc110.pdb' was not found with 'libCoinUtils.lib(CoinDenseVector.obj)' or at 'C:\Users\johanf\Dropbox\johan\forskning\generatorcuts\submodular\submodular\bin\vc110.pdb'; linking object as if no debug info
     1>libCoinUtils.lib(CoinError.obj) : warning LNK4099: PDB 'vc110.pdb' was not found with 'libCoinUtils.lib(CoinError.obj)' or at 'C:\Users\johanf\Dropbox\johan\forskning\generatorcuts\submodular\submodular\bin\vc110.pdb'; linking object as if no debug info
     1>libCoinUtils.lib(CoinFactorization1.obj) : warning LNK4099: PDB 'vc110.pdb' was not found with 'libCoinUtils.lib(CoinFactorization1.obj)' or at 'C:\Users\johanf\Dropbox\johan\forskning\generatorcuts\submodular\submodular\bin\vc110.pdb'; linking object as if no debug info
     1>libCoinUtils.lib(CoinFactorization2.obj) : warning LNK4099: PDB 'vc110.pdb' was not found with 'libCoinUtils.lib(CoinFactorization2.obj)' or at 'C:\Users\johanf\Dropbox\johan\forskning\generatorcuts\submodular\submodular\bin\vc110.pdb'; linking object as if no debug info
     1>libCoinUtils.lib(CoinFactorization3.obj) : warning LNK4099: PDB 'vc110.pdb' was not found with 'libCoinUtils.lib(CoinFactorization3.obj)' or at 'C:\Users\johanf\Dropbox\johan\forskning\generatorcuts\submodular\submodular\bin\vc110.pdb'; linking object as if no debug info
     1>libCoinUtils.lib(CoinFactorization4.obj) : warning LNK4099: PDB 'vc110.pdb' was not found with 'libCoinUtils.lib(CoinFactorization4.obj)' or at 'C:\Users\johanf\Dropbox\johan\forskning\generatorcuts\submodular\submodular\bin\vc110.pdb'; linking object as if no debug info
     1>libCoinUtils.lib(CoinFileIO.obj) : warning LNK4099: PDB 'vc110.pdb' was not found with 'libCoinUtils.lib(CoinFileIO.obj)' or at 'C:\Users\johanf\Dropbox\johan\forskning\generatorcuts\submodular\submodular\bin\vc110.pdb'; linking object as if no debug info
     1>libCoinUtils.lib(CoinFinite.obj) : warning LNK4099: PDB 'vc110.pdb' was not found with 'libCoinUtils.lib(CoinFinite.obj)' or at 'C:\Users\johanf\Dropbox\johan\forskning\generatorcuts\submodular\submodular\bin\vc110.pdb'; linking object as if no debug info
     1>libCoinUtils.lib(CoinIndexedVector.obj) : warning LNK4099: PDB 'vc110.pdb' was not found with 'libCoinUtils.lib(CoinIndexedVector.obj)' or at 'C:\Users\johanf\Dropbox\johan\forskning\generatorcuts\submodular\submodular\bin\vc110.pdb'; linking object as if no debug info
     1>libCoinUtils.lib(CoinLpIO.obj) : warning LNK4099: PDB 'vc110.pdb' was not found with 'libCoinUtils.lib(CoinLpIO.obj)' or at 'C:\Users\johanf\Dropbox\johan\forskning\generatorcuts\submodular\submodular\bin\vc110.pdb'; linking object as if no debug info
     1>libCoinUtils.lib(CoinMessage.obj) : warning LNK4099: PDB 'vc110.pdb' was not found with 'libCoinUtils.lib(CoinMessage.obj)' or at 'C:\Users\johanf\Dropbox\johan\forskning\generatorcuts\submodular\submodular\bin\vc110.pdb'; linking object as if no debug info
     1>libCoinUtils.lib(CoinMessageHandler.obj) : warning LNK4099: PDB 'vc110.pdb' was not found with 'libCoinUtils.lib(CoinMessageHandler.obj)' or at 'C:\Users\johanf\Dropbox\johan\forskning\generatorcuts\submodular\submodular\bin\vc110.pdb'; linking object as if no debug info
     1>libCoinUtils.lib(CoinModel.obj) : warning LNK4099: PDB 'vc110.pdb' was not found with 'libCoinUtils.lib(CoinModel.obj)' or at 'C:\Users\johanf\Dropbox\johan\forskning\generatorcuts\submodular\submodular\bin\vc110.pdb'; linking object as if no debug info
     1>libCoinUtils.lib(CoinModelUseful.obj) : warning LNK4099: PDB 'vc110.pdb' was not found with 'libCoinUtils.lib(CoinModelUseful.obj)' or at 'C:\Users\johanf\Dropbox\johan\forskning\generatorcuts\submodular\submodular\bin\vc110.pdb'; linking object as if no debug info
     1>libCoinUtils.lib(CoinModelUseful2.obj) : warning LNK4099: PDB 'vc110.pdb' was not found with 'libCoinUtils.lib(CoinModelUseful2.obj)' or at 'C:\Users\johanf\Dropbox\johan\forskning\generatorcuts\submodular\submodular\bin\vc110.pdb'; linking object as if no debug info
     1>libCoinUtils.lib(CoinMpsIO.obj) : warning LNK4099: PDB 'vc110.pdb' was not found with 'libCoinUtils.lib(CoinMpsIO.obj)' or at 'C:\Users\johanf\Dropbox\johan\forskning\generatorcuts\submodular\submodular\bin\vc110.pdb'; linking object as if no debug info
     1>libCoinUtils.lib(CoinOslFactorization.obj) : warning LNK4099: PDB 'vc110.pdb' was not found with 'libCoinUtils.lib(CoinOslFactorization.obj)' or at 'C:\Users\johanf\Dropbox\johan\forskning\generatorcuts\submodular\submodular\bin\vc110.pdb'; linking object as if no debug info
     1>libCoinUtils.lib(CoinOslFactorization2.obj) : warning LNK4099: PDB 'vc110.pdb' was not found with 'libCoinUtils.lib(CoinOslFactorization2.obj)' or at 'C:\Users\johanf\Dropbox\johan\forskning\generatorcuts\submodular\submodular\bin\vc110.pdb'; linking object as if no debug info
     1>libCoinUtils.lib(CoinOslFactorization3.obj) : warning LNK4099: PDB 'vc110.pdb' was not found with 'libCoinUtils.lib(CoinOslFactorization3.obj)' or at 'C:\Users\johanf\Dropbox\johan\forskning\generatorcuts\submodular\submodular\bin\vc110.pdb'; linking object as if no debug info
     1>libCoinUtils.lib(CoinPackedMatrix.obj) : warning LNK4099: PDB 'vc110.pdb' was not found with 'libCoinUtils.lib(CoinPackedMatrix.obj)' or at 'C:\Users\johanf\Dropbox\johan\forskning\generatorcuts\submodular\submodular\bin\vc110.pdb'; linking object as if no debug info
     1>libCoinUtils.lib(CoinPackedVector.obj) : warning LNK4099: PDB 'vc110.pdb' was not found with 'libCoinUtils.lib(CoinPackedVector.obj)' or at 'C:\Users\johanf\Dropbox\johan\forskning\generatorcuts\submodular\submodular\bin\vc110.pdb'; linking object as if no debug info
     1>libCoinUtils.lib(CoinPackedVectorBase.obj) : warning LNK4099: PDB 'vc110.pdb' was not found with 'libCoinUtils.lib(CoinPackedVectorBase.obj)' or at 'C:\Users\johanf\Dropbox\johan\forskning\generatorcuts\submodular\submodular\bin\vc110.pdb'; linking object as if no debug info
     1>libCoinUtils.lib(CoinPostsolveMatrix.obj) : warning LNK4099: PDB 'vc110.pdb' was not found with 'libCoinUtils.lib(CoinPostsolveMatrix.obj)' or at 'C:\Users\johanf\Dropbox\johan\forskning\generatorcuts\submodular\submodular\bin\vc110.pdb'; linking object as if no debug info
     1>libCoinUtils.lib(CoinPrePostsolveMatrix.obj) : warning LNK4099: PDB 'vc110.pdb' was not found with 'libCoinUtils.lib(CoinPrePostsolveMatrix.obj)' or at 'C:\Users\johanf\Dropbox\johan\forskning\generatorcuts\submodular\submodular\bin\vc110.pdb'; linking object as if no debug info
     1>libCoinUtils.lib(CoinPresolveDoubleton.obj) : warning LNK4099: PDB 'vc110.pdb' was not found with 'libCoinUtils.lib(CoinPresolveDoubleton.obj)' or at 'C:\Users\johanf\Dropbox\johan\forskning\generatorcuts\submodular\submodular\bin\vc110.pdb'; linking object as if no debug info
     1>libCoinUtils.lib(CoinPresolveDual.obj) : warning LNK4099: PDB 'vc110.pdb' was not found with 'libCoinUtils.lib(CoinPresolveDual.obj)' or at 'C:\Users\johanf\Dropbox\johan\forskning\generatorcuts\submodular\submodular\bin\vc110.pdb'; linking object as if no debug info
     1>libCoinUtils.lib(CoinPresolveDupcol.obj) : warning LNK4099: PDB 'vc110.pdb' was not found with 'libCoinUtils.lib(CoinPresolveDupcol.obj)' or at 'C:\Users\johanf\Dropbox\johan\forskning\generatorcuts\submodular\submodular\bin\vc110.pdb'; linking object as if no debug info
     1>libCoinUtils.lib(CoinPresolveEmpty.obj) : warning LNK4099: PDB 'vc110.pdb' was not found with 'libCoinUtils.lib(CoinPresolveEmpty.obj)' or at 'C:\Users\johanf\Dropbox\johan\forskning\generatorcuts\submodular\submodular\bin\vc110.pdb'; linking object as if no debug info
     1>libCoinUtils.lib(CoinPresolveFixed.obj) : warning LNK4099: PDB 'vc110.pdb' was not found with 'libCoinUtils.lib(CoinPresolveFixed.obj)' or at 'C:\Users\johanf\Dropbox\johan\forskning\generatorcuts\submodular\submodular\bin\vc110.pdb'; linking object as if no debug info
     1>libCoinUtils.lib(CoinPresolveForcing.obj) : warning LNK4099: PDB 'vc110.pdb' was not found with 'libCoinUtils.lib(CoinPresolveForcing.obj)' or at 'C:\Users\johanf\Dropbox\johan\forskning\generatorcuts\submodular\submodular\bin\vc110.pdb'; linking object as if no debug info
     1>libCoinUtils.lib(CoinPresolveHelperFunctions.obj) : warning LNK4099: PDB 'vc110.pdb' was not found with 'libCoinUtils.lib(CoinPresolveHelperFunctions.obj)' or at 'C:\Users\johanf\Dropbox\johan\forskning\generatorcuts\submodular\submodular\bin\vc110.pdb'; linking object as if no debug info
     1>libCoinUtils.lib(CoinPresolveImpliedFree.obj) : warning LNK4099: PDB 'vc110.pdb' was not found with 'libCoinUtils.lib(CoinPresolveImpliedFree.obj)' or at 'C:\Users\johanf\Dropbox\johan\forskning\generatorcuts\submodular\submodular\bin\vc110.pdb'; linking object as if no debug info
     1>libCoinUtils.lib(CoinPresolveMatrix.obj) : warning LNK4099: PDB 'vc110.pdb' was not found with 'libCoinUtils.lib(CoinPresolveMatrix.obj)' or at 'C:\Users\johanf\Dropbox\johan\forskning\generatorcuts\submodular\submodular\bin\vc110.pdb'; linking object as if no debug info
     1>libCoinUtils.lib(CoinPresolveSingleton.obj) : warning LNK4099: PDB 'vc110.pdb' was not found with 'libCoinUtils.lib(CoinPresolveSingleton.obj)' or at 'C:\Users\johanf\Dropbox\johan\forskning\generatorcuts\submodular\submodular\bin\vc110.pdb'; linking object as if no debug info
     1>libCoinUtils.lib(CoinPresolveSubst.obj) : warning LNK4099: PDB 'vc110.pdb' was not found with 'libCoinUtils.lib(CoinPresolveSubst.obj)' or at 'C:\Users\johanf\Dropbox\johan\forskning\generatorcuts\submodular\submodular\bin\vc110.pdb'; linking object as if no debug info
     1>libCoinUtils.lib(CoinPresolveTighten.obj) : warning LNK4099: PDB 'vc110.pdb' was not found with 'libCoinUtils.lib(CoinPresolveTighten.obj)' or at 'C:\Users\johanf\Dropbox\johan\forskning\generatorcuts\submodular\submodular\bin\vc110.pdb'; linking object as if no debug info
     1>libCoinUtils.lib(CoinPresolveTripleton.obj) : warning LNK4099: PDB 'vc110.pdb' was not found with 'libCoinUtils.lib(CoinPresolveTripleton.obj)' or at 'C:\Users\johanf\Dropbox\johan\forskning\generatorcuts\submodular\submodular\bin\vc110.pdb'; linking object as if no debug info
     1>libCoinUtils.lib(CoinPresolveUseless.obj) : warning LNK4099: PDB 'vc110.pdb' was not found with 'libCoinUtils.lib(CoinPresolveUseless.obj)' or at 'C:\Users\johanf\Dropbox\johan\forskning\generatorcuts\submodular\submodular\bin\vc110.pdb'; linking object as if no debug info
     1>libCoinUtils.lib(CoinPresolveZeros.obj) : warning LNK4099: PDB 'vc110.pdb' was not found with 'libCoinUtils.lib(CoinPresolveZeros.obj)' or at 'C:\Users\johanf\Dropbox\johan\forskning\generatorcuts\submodular\submodular\bin\vc110.pdb'; linking object as if no debug info
     1>libCoinUtils.lib(CoinShallowPackedVector.obj) : warning LNK4099: PDB 'vc110.pdb' was not found with 'libCoinUtils.lib(CoinShallowPackedVector.obj)' or at 'C:\Users\johanf\Dropbox\johan\forskning\generatorcuts\submodular\submodular\bin\vc110.pdb'; linking object as if no debug info
     1>libCoinUtils.lib(CoinSimpFactorization.obj) : warning LNK4099: PDB 'vc110.pdb' was not found with 'libCoinUtils.lib(CoinSimpFactorization.obj)' or at 'C:\Users\johanf\Dropbox\johan\forskning\generatorcuts\submodular\submodular\bin\vc110.pdb'; linking object as if no debug info
     1>libCoinUtils.lib(CoinStructuredModel.obj) : warning LNK4099: PDB 'vc110.pdb' was not found with 'libCoinUtils.lib(CoinStructuredModel.obj)' or at 'C:\Users\johanf\Dropbox\johan\forskning\generatorcuts\submodular\submodular\bin\vc110.pdb'; linking object as if no debug info
     1>libCoinUtils.lib(CoinWarmStartBasis.obj) : warning LNK4099: PDB 'vc110.pdb' was not found with 'libCoinUtils.lib(CoinWarmStartBasis.obj)' or at 'C:\Users\johanf\Dropbox\johan\forskning\generatorcuts\submodular\submodular\bin\vc110.pdb'; linking object as if no debug info
         submodularproject.vcxproj -> C:\Users\johanf\Dropbox\johan\forskning\generatorcuts\submodular\submodular\project\submodularproject\..\..\bin\submodular.exe
     1>Done Building Project "C:\Users\johanf\Dropbox\johan\forskning\generatorcuts\submodular\submodular\project\submodularproject\submodularproject.vcxproj" (Build target(s)).

Build succeeded.

Time Elapsed 00:00:01.29
