C:\USERS\JOHANF\DROPBOX\JOHAN\FORSKNING\GENERATORCUTS\SUBMODULAR\SUBMODULAR\PROJECT\SUBMODULARPROJECT\X64\RELEASE\SUBMODULAR_TESTS.OBJ
C:\USERS\JOHANF\DROPBOX\JOHAN\FORSKNING\GENERATORCUTS\SUBMODULAR\SUBMODULAR\PROJECT\SUBMODULARPROJECT\X64\RELEASE\MAIN_PROGRAM.OBJ
C:\USERS\JOHANF\DROPBOX\JOHAN\FORSKNING\GENERATORCUTS\SUBMODULAR\SUBMODULAR\PROJECT\SUBMODULARPROJECT\X64\RELEASE\GET_POLYNOMIAL.OBJ
C:\USERS\JOHANF\DROPBOX\JOHAN\FORSKNING\GENERATORCUTS\SUBMODULAR\SUBMODULAR\PROJECT\SUBMODULARPROJECT\X64\RELEASE\VC110.PDB
C:\USERS\JOHANF\DROPBOX\JOHAN\FORSKNING\GENERATORCUTS\SUBMODULAR\SUBMODULAR\BIN\SUBMODULAR.EXE
C:\USERS\JOHANF\DROPBOX\JOHAN\FORSKNING\GENERATORCUTS\SUBMODULAR\SUBMODULAR\BIN\SUBMODULAR.PDB
C:\Users\johanf\Dropbox\johan\forskning\generatorcuts\submodular\submodular\project\submodularproject\x64\Release\get_polynomial.obj
C:\Users\johanf\Dropbox\johan\forskning\generatorcuts\submodular\submodular\project\submodularproject\x64\Release\main_program.obj
C:\Users\johanf\Dropbox\johan\forskning\generatorcuts\submodular\submodular\project\submodularproject\x64\Release\submodular_tests.obj
C:\Users\johanf\Dropbox\johan\forskning\generatorcuts\submodular\submodular\project\submodularproject\x64\Release\cl.command.1.tlog
C:\Users\johanf\Dropbox\johan\forskning\generatorcuts\submodular\submodular\project\submodularproject\x64\Release\CL.read.1.tlog
C:\Users\johanf\Dropbox\johan\forskning\generatorcuts\submodular\submodular\project\submodularproject\x64\Release\CL.write.1.tlog
C:\Users\johanf\Dropbox\johan\forskning\generatorcuts\submodular\submodular\project\submodularproject\x64\Release\link-cvtres.read.1.tlog
C:\Users\johanf\Dropbox\johan\forskning\generatorcuts\submodular\submodular\project\submodularproject\x64\Release\link-cvtres.write.1.tlog
C:\Users\johanf\Dropbox\johan\forskning\generatorcuts\submodular\submodular\project\submodularproject\x64\Release\link-rc.read.1.tlog
C:\Users\johanf\Dropbox\johan\forskning\generatorcuts\submodular\submodular\project\submodularproject\x64\Release\link-rc.write.1.tlog
C:\Users\johanf\Dropbox\johan\forskning\generatorcuts\submodular\submodular\project\submodularproject\x64\Release\link.command.1.tlog
C:\Users\johanf\Dropbox\johan\forskning\generatorcuts\submodular\submodular\project\submodularproject\x64\Release\link.read.1.tlog
C:\Users\johanf\Dropbox\johan\forskning\generatorcuts\submodular\submodular\project\submodularproject\x64\Release\link.read.2.tlog
C:\Users\johanf\Dropbox\johan\forskning\generatorcuts\submodular\submodular\project\submodularproject\x64\Release\link.write.1.tlog
C:\Users\johanf\Dropbox\johan\forskning\generatorcuts\submodular\submodular\project\submodularproject\x64\Release\vc110.pdb
C:\Users\johanf\Dropbox\johan\forskning\generatorcuts\submodular\submodular\project\submodularproject\..\..\bin\submodular.exe
