Build started 4/26/2013 1:30:23 PM.
     1>Project "C:\Users\johanf\Dropbox\johan\forskning\generatorcuts\submodular\submodular\project\grdlibrary\grdlibrary.vcxproj" on node 3 (Build target(s)).
     1>ClCompile:
         C:\Program Files (x86)\Microsoft Visual Studio 11.0\VC\bin\x86_amd64\CL.exe /c /Zi /nologo /W3 /WX- /Od /D WIN32 /D _DEBUG /D _LIB /D _UNICODE /D UNICODE /Gm /EHsc /RTC1 /MDd /GS /fp:precise /Zc:wchar_t /Zc:forScope /Fo"x64\Debug\\" /Fd"x64\Debug\vc110.pdb" /Gd /TP /errorReport:prompt ..\..\source\library\GeneratorPseudoBoolean.cpp ..\..\source\library\PseudoBoolean.cpp ..\..\source\library\PseudoBoolean_branchandbound.cpp ..\..\source\library\PseudoBoolean_complete.cpp ..\..\source\library\PseudoBoolean_create_g.cpp ..\..\source\library\PseudoBoolean_heuristic.cpp ..\..\source\library\PseudoBoolean_minimize.cpp ..\..\source\library\PseudoBoolean_minimize_lp.cpp ..\..\source\library\PseudoBoolean_minimize_reduction.cpp ..\..\source\library\PseudoBoolean_reduce.cpp ..\..\source\library\VertexPacking.cpp
         VertexPacking.cpp
     1>..\..\source\library\VertexPacking.cpp(473): warning C4267: 'argument' : conversion from 'size_t' to 'Graph<captype,tcaptype,flowtype>::node_id', possible loss of data
                 with
                 [
                     captype=double,
                     tcaptype=double,
                     flowtype=double
                 ]
                 ..\..\source\library\VertexPacking.cpp(437) : while compiling class template member function 'double Petter::BipartiteVertexPacking<real>::solve(std::vector<_Ty> &,std::vector<_Ty> &)'
                 with
                 [
                     real=double,
                     _Ty=signed char
                 ]
                 c:\users\johanf\dropbox\johan\forskning\generatorcuts\submodular\submodular\source\library\vertex_instances.inc(9) : see reference to class template instantiation 'Petter::BipartiteVertexPacking<real>' being compiled
                 with
                 [
                     real=double
                 ]
     1>..\..\source\library\VertexPacking.cpp(151): warning C4267: 'argument' : conversion from 'size_t' to 'Graph<captype,tcaptype,flowtype>::node_id', possible loss of data
                 with
                 [
                     captype=double,
                     tcaptype=double,
                     flowtype=double
                 ]
                 ..\..\source\library\VertexPacking.cpp(114) : while compiling class template member function 'double Petter::VertexPacking<real>::solve(std::vector<_Ty> &)'
                 with
                 [
                     real=double,
                     _Ty=signed char
                 ]
                 c:\users\johanf\dropbox\johan\forskning\generatorcuts\submodular\submodular\source\library\vertex_instances.inc(9) : see reference to class template instantiation 'Petter::VertexPacking<real>' being compiled
                 with
                 [
                     real=double
                 ]
     1>..\..\source\library\VertexPacking.cpp(152): warning C4267: 'argument' : conversion from 'size_t' to 'Graph<captype,tcaptype,flowtype>::node_id', possible loss of data
                 with
                 [
                     captype=double,
                     tcaptype=double,
                     flowtype=double
                 ]
     1>..\..\source\library\VertexPacking.cpp(473): warning C4267: 'argument' : conversion from 'size_t' to 'Graph<captype,tcaptype,flowtype>::node_id', possible loss of data
                 with
                 [
                     captype=int,
                     tcaptype=int,
                     flowtype=int
                 ]
                 ..\..\source\library\VertexPacking.cpp(437) : while compiling class template member function 'int Petter::BipartiteVertexPacking<real>::solve(std::vector<_Ty> &,std::vector<_Ty> &)'
                 with
                 [
                     real=int,
                     _Ty=signed char
                 ]
                 c:\users\johanf\dropbox\johan\forskning\generatorcuts\submodular\submodular\source\library\vertex_instances.inc(10) : see reference to class template instantiation 'Petter::BipartiteVertexPacking<real>' being compiled
                 with
                 [
                     real=int
                 ]
     1>..\..\source\library\VertexPacking.cpp(151): warning C4267: 'argument' : conversion from 'size_t' to 'Graph<captype,tcaptype,flowtype>::node_id', possible loss of data
                 with
                 [
                     captype=int,
                     tcaptype=int,
                     flowtype=int
                 ]
                 ..\..\source\library\VertexPacking.cpp(114) : while compiling class template member function 'int Petter::VertexPacking<real>::solve(std::vector<_Ty> &)'
                 with
                 [
                     real=int,
                     _Ty=signed char
                 ]
                 c:\users\johanf\dropbox\johan\forskning\generatorcuts\submodular\submodular\source\library\vertex_instances.inc(10) : see reference to class template instantiation 'Petter::VertexPacking<real>' being compiled
                 with
                 [
                     real=int
                 ]
     1>..\..\source\library\VertexPacking.cpp(152): warning C4267: 'argument' : conversion from 'size_t' to 'Graph<captype,tcaptype,flowtype>::node_id', possible loss of data
                 with
                 [
                     captype=int,
                     tcaptype=int,
                     flowtype=int
                 ]
     1>C:\Program Files (x86)\Microsoft Visual Studio 11.0\VC\include\utility(182): warning C4267: 'initializing' : conversion from 'size_t' to 'int', possible loss of data
                 ..\..\source\library\VertexPacking.cpp(432) : see reference to function template instantiation 'std::pair<_Ty1,_Ty2>::pair<unsigned __int64,unsigned __int64>(std::pair<unsigned __int64,unsigned __int64> &&,void **)' being compiled
                 with
                 [
                     _Ty1=int,
                     _Ty2=int
                 ]
                 ..\..\source\library\VertexPacking.cpp(432) : see reference to function template instantiation 'std::pair<_Ty1,_Ty2>::pair<unsigned __int64,unsigned __int64>(std::pair<unsigned __int64,unsigned __int64> &&,void **)' being compiled
                 with
                 [
                     _Ty1=int,
                     _Ty2=int
                 ]
                 ..\..\source\library\VertexPacking.cpp(429) : while compiling class template member function 'void Petter::BipartiteVertexPacking<real>::add_edge(size_t,size_t)'
                 with
                 [
                     real=double
                 ]
         PseudoBoolean_reduce.cpp
         PseudoBoolean_minimize_reduction.cpp
     1>..\..\source\library\PseudoBoolean_minimize_reduction.cpp(492): warning C4244: 'argument' : conversion from 'double' to 'int', possible loss of data
                 ..\..\source\library\PseudoBoolean_minimize_reduction.cpp(421) : while compiling class template member function 'int Petter::PseudoBoolean<real>::minimize_reduction_M(std::vector<_Ty> &,int &) const'
                 with
                 [
                     real=int,
                     _Ty=Petter::label
                 ]
                 c:\users\johanf\dropbox\johan\forskning\generatorcuts\submodular\submodular\source\library\pb_instances.inc(12) : see reference to class template instantiation 'Petter::PseudoBoolean<real>' being compiled
                 with
                 [
                     real=int
                 ]
     1>..\..\source\library\PseudoBoolean_minimize_reduction.cpp(493): warning C4244: 'argument' : conversion from 'double' to 'int', possible loss of data
     1>..\..\source\library\PseudoBoolean_minimize_reduction.cpp(494): warning C4244: 'argument' : conversion from 'double' to 'int', possible loss of data
     1>..\..\source\library\PseudoBoolean_minimize_reduction.cpp(495): warning C4244: 'argument' : conversion from 'double' to 'int', possible loss of data
     1>c:\users\johanf\dropbox\johan\forskning\generatorcuts\submodular\submodular\thirdparty\hocr\HOCR0.h(94): warning C4267: 'return' : conversion from 'size_t' to 'int', possible loss of data
                 c:\users\johanf\dropbox\johan\forskning\generatorcuts\submodular\submodular\thirdparty\hocr\HOCR0.h(94) : while compiling class template member function 'int Terms<REAL,VID,D>::size(void) const'
                 with
                 [
                     REAL=double,
                     VID=PBF<double,4>::VID,
                     D=2
                 ]
                 c:\users\johanf\dropbox\johan\forskning\generatorcuts\submodular\submodular\thirdparty\hocr\HOCR0.h(158) : see reference to function template instantiation 'int Terms<REAL,VID,D>::size(void) const' being compiled
                 with
                 [
                     REAL=double,
                     VID=PBF<double,4>::VID,
                     D=2
                 ]
                 c:\users\johanf\dropbox\johan\forskning\generatorcuts\submodular\submodular\thirdparty\hocr\HOCR0.h(190) : see reference to class template instantiation 'Terms<REAL,VID,D>' being compiled
                 with
                 [
                     REAL=double,
                     VID=PBF<double,4>::VID,
                     D=2
                 ]
                 c:\users\johanf\dropbox\johan\forskning\generatorcuts\submodular\submodular\thirdparty\hocr\HOCR0.h(200) : see reference to class template instantiation 'TermsUpTo_<REAL,VID,MAXD>' being compiled
                 with
                 [
                     REAL=double,
                     VID=PBF<double,4>::VID,
                     MAXD=2
                 ]
                 c:\users\johanf\dropbox\johan\forskning\generatorcuts\submodular\submodular\thirdparty\hocr\HOCR0.h(189) : see reference to class template instantiation 'TermsUpTo<REAL,VID,MAXD>' being compiled
                 with
                 [
                     REAL=double,
                     VID=PBF<double,4>::VID,
                     MAXD=2
                 ]
                 c:\users\johanf\dropbox\johan\forskning\generatorcuts\submodular\submodular\thirdparty\hocr\HOCR0.h(195) : see reference to class template instantiation 'TermsUpTo_<REAL,VID,MAXD>' being compiled
                 with
                 [
                     REAL=double,
                     VID=PBF<double,4>::VID,
                     MAXD=3
                 ]
                 c:\users\johanf\dropbox\johan\forskning\generatorcuts\submodular\submodular\thirdparty\hocr\HOCR0.h(189) : see reference to class template instantiation 'TermsUpTo<REAL,VID,MAXD>' being compiled
                 with
                 [
                     REAL=double,
                     VID=PBF<double,4>::VID,
                     MAXD=3
                 ]
                 c:\users\johanf\dropbox\johan\forskning\generatorcuts\submodular\submodular\thirdparty\hocr\HOCR0.h(195) : see reference to class template instantiation 'TermsUpTo_<REAL,VID,MAXD>' being compiled
                 with
                 [
                     REAL=double,
                     VID=PBF<double,4>::VID,
                     MAXD=4
                 ]
                 C:\Users\johanf\Dropbox\johan\forskning\generatorcuts\submodular\submodular\thirdparty\HOCR\HOCR.h(294) : see reference to class template instantiation 'TermsUpTo<REAL,VID,MAXD>' being compiled
                 with
                 [
                     REAL=double,
                     VID=PBF<double,4>::VID,
                     MAXD=4
                 ]
                 ..\..\source\library\PseudoBoolean_minimize_reduction.cpp(39) : see reference to class template instantiation 'PBF<REAL,MAXD>' being compiled
                 with
                 [
                     REAL=double,
                     MAXD=4
                 ]
                 ..\..\source\library\PseudoBoolean_minimize_reduction.cpp(33) : while compiling class template member function 'double Petter::PseudoBoolean<real>::minimize_reduction(std::vector<_Ty> &,int &) const'
                 with
                 [
                     real=double,
                     _Ty=Petter::label
                 ]
                 c:\users\johanf\dropbox\johan\forskning\generatorcuts\submodular\submodular\source\library\pb_instances.inc(11) : see reference to class template instantiation 'Petter::PseudoBoolean<real>' being compiled
                 with
                 [
                     real=double
                 ]
     1>C:\Program Files (x86)\Microsoft Visual Studio 11.0\VC\include\xutility(2176): warning C4996: 'std::_Copy_impl': Function call with parameters that may be unsafe - this call relies on the caller to check that the passed values are correct. To disable this warning, use -D_SCL_SECURE_NO_WARNINGS. See documentation on how to use Visual C++ 'Checked Iterators'
                 C:\Program Files (x86)\Microsoft Visual Studio 11.0\VC\include\xutility(2157) : see declaration of 'std::_Copy_impl'
                 c:\users\johanf\dropbox\johan\forskning\generatorcuts\submodular\submodular\thirdparty\hocr\HOCR0.h(48) : see reference to function template instantiation '_OutIt std::copy<const VID*,VID[]>(_InIt,_InIt,_OutIt)' being compiled
                 with
                 [
                     _OutIt=PBF<double,4>::VID [],
                     VID=PBF<double,4>::VID,
                     _InIt=const PBF<double,4>::VID *
                 ]
                 c:\users\johanf\dropbox\johan\forskning\generatorcuts\submodular\submodular\thirdparty\hocr\HOCR0.h(48) : while compiling class template member function 'void Term<VID,D>::get(VID []) const'
                 with
                 [
                     VID=PBF<double,4>::VID,
                     D=4
                 ]
                 c:\users\johanf\dropbox\johan\forskning\generatorcuts\submodular\submodular\thirdparty\hocr\HOCR0.h(136) : see reference to function template instantiation 'void Term<VID,D>::get(VID []) const' being compiled
                 with
                 [
                     VID=PBF<double,4>::VID,
                     D=4
                 ]
                 C:\Program Files (x86)\Microsoft Visual Studio 11.0\VC\include\utility(201) : see reference to class template instantiation 'Term<VID,D>' being compiled
                 with
                 [
                     VID=PBF<double,4>::VID,
                     D=4
                 ]
                 C:\Program Files (x86)\Microsoft Visual Studio 11.0\VC\include\vector(1541) : see reference to class template instantiation 'std::pair<_Ty1,_Ty2>' being compiled
                 with
                 [
                     _Ty1=Term<PBF<double,4>::VID,4>,
                     _Ty2=double
                 ]
                 C:\Program Files (x86)\Microsoft Visual Studio 11.0\VC\include\vector(1535) : while compiling class template member function 'void std::vector<_Ty>::_Tidy(void)'
                 with
                 [
                     _Ty=std::pair<Term<PBF<double,4>::VID,4>,double>
                 ]
                 C:\Program Files (x86)\Microsoft Visual Studio 11.0\VC\include\vector(900) : see reference to function template instantiation 'void std::vector<_Ty>::_Tidy(void)' being compiled
                 with
                 [
                     _Ty=std::pair<Term<PBF<double,4>::VID,4>,double>
                 ]
                 c:\users\johanf\dropbox\johan\forskning\generatorcuts\submodular\submodular\thirdparty\hocr\HOCR0.h(140) : see reference to class template instantiation 'std::vector<_Ty>' being compiled
                 with
                 [
                     _Ty=std::pair<Term<PBF<double,4>::VID,4>,double>
                 ]
                 c:\users\johanf\dropbox\johan\forskning\generatorcuts\submodular\submodular\thirdparty\hocr\HOCR0.h(190) : see reference to class template instantiation 'Terms<REAL,VID,D>' being compiled
                 with
                 [
                     REAL=double,
                     VID=PBF<double,4>::VID,
                     D=4
                 ]
         PseudoBoolean_minimize_lp.cpp
     1>..\..\source\library\PseudoBoolean_minimize_lp.cpp(31): warning C4267: 'initializing' : conversion from 'size_t' to 'int', possible loss of data
                 ..\..\source\library\PseudoBoolean_minimize_lp.cpp(25) : while compiling class template member function 'double Petter::PseudoBoolean<real>::minimize_lp(std::vector<_Ty> &,bool) const'
                 with
                 [
                     real=double,
                     _Ty=Petter::label
                 ]
                 c:\users\johanf\dropbox\johan\forskning\generatorcuts\submodular\submodular\source\library\pb_instances.inc(11) : see reference to class template instantiation 'Petter::PseudoBoolean<real>' being compiled
                 with
                 [
                     real=double
                 ]
     1>..\..\source\library\PseudoBoolean_minimize_lp.cpp(318): warning C4244: 'return' : conversion from 'double' to 'int', possible loss of data
         PseudoBoolean_minimize.cpp
         PseudoBoolean_heuristic.cpp
         PseudoBoolean_create_g.cpp
         PseudoBoolean_complete.cpp
     1>..\..\source\library\PseudoBoolean_complete.cpp(50): warning C4996: 'getenv': This function or variable may be unsafe. Consider using _dupenv_s instead. To disable deprecation, use _CRT_SECURE_NO_WARNINGS. See online help for details.
                 C:\Program Files (x86)\Microsoft Visual Studio 11.0\VC\include\stdlib.h(449) : see declaration of 'getenv'
                 ..\..\source\library\PseudoBoolean_complete.cpp(25) : while compiling class template member function 'double Petter::PseudoBoolean<real>::minimize(std::vector<_Ty> &,int &,Petter::Method,const char *)'
                 with
                 [
                     real=double,
                     _Ty=Petter::label
                 ]
                 c:\users\johanf\dropbox\johan\forskning\generatorcuts\submodular\submodular\source\library\pb_instances.inc(11) : see reference to class template instantiation 'Petter::PseudoBoolean<real>' being compiled
                 with
                 [
                     real=double
                 ]
     1>..\..\source\library\PseudoBoolean_complete.cpp(51): warning C4996: 'getenv': This function or variable may be unsafe. Consider using _dupenv_s instead. To disable deprecation, use _CRT_SECURE_NO_WARNINGS. See online help for details.
                 C:\Program Files (x86)\Microsoft Visual Studio 11.0\VC\include\stdlib.h(449) : see declaration of 'getenv'
     1>..\..\source\library\PseudoBoolean_complete.cpp(148): warning C4244: '=' : conversion from 'double' to 'int', possible loss of data
                 ..\..\source\library\PseudoBoolean_complete.cpp(109) : while compiling class template member function 'int Petter::PseudoBoolean<real>::minimize(std::vector<_Ty> &,int &,bool)'
                 with
                 [
                     real=int,
                     _Ty=Petter::label
                 ]
                 c:\users\johanf\dropbox\johan\forskning\generatorcuts\submodular\submodular\source\library\pb_instances.inc(12) : see reference to class template instantiation 'Petter::PseudoBoolean<real>' being compiled
                 with
                 [
                     real=int
                 ]
                 C:\Program Files (x86)\Microsoft Visual Studio 11.0\VC\include\stdlib.h(449) : see declaration of 'getenv'
                 C:\Program Files (x86)\Microsoft Visual Studio 11.0\VC\include\stdlib.h(449) : see declaration of 'getenv'
         PseudoBoolean_branchandbound.cpp
         PseudoBoolean.cpp
         GeneratorPseudoBoolean.cpp
         Generating Code...
       Lib:
         C:\Program Files (x86)\Microsoft Visual Studio 11.0\VC\bin\x86_amd64\Lib.exe /OUT:"C:\Users\johanf\Dropbox\johan\forskning\generatorcuts\submodular\submodular\project\submodularproject\..\..\lib\x64\Debug\grd.lib" /NOLOGO /MACHINE:X64 x64\Debug\GeneratorPseudoBoolean.obj
         x64\Debug\PseudoBoolean.obj
         x64\Debug\PseudoBoolean_branchandbound.obj
         x64\Debug\PseudoBoolean_complete.obj
         x64\Debug\PseudoBoolean_create_g.obj
         x64\Debug\PseudoBoolean_heuristic.obj
         x64\Debug\PseudoBoolean_minimize.obj
         x64\Debug\PseudoBoolean_minimize_lp.obj
         x64\Debug\PseudoBoolean_minimize_reduction.obj
         x64\Debug\PseudoBoolean_reduce.obj
         x64\Debug\VertexPacking.obj
         grdlibrary.vcxproj -> C:\Users\johanf\Dropbox\johan\forskning\generatorcuts\submodular\submodular\project\submodularproject\..\..\lib\x64\Debug\grd.lib
     1>Done Building Project "C:\Users\johanf\Dropbox\johan\forskning\generatorcuts\submodular\submodular\project\grdlibrary\grdlibrary.vcxproj" (Build target(s)).

Build succeeded.

Time Elapsed 00:00:30.03
